list.jd.com/list.html?cat=670,703,10969
list.jd.com/list.html?cat=1620,13780
list.jd.com/list.html?cat=9847,9848
list.jd.com/list.html?cat=9847,9849
list.jd.com/list.html?cat=9847,9850
list.jd.com/list.html?cat=9847,9851
list.jd.com/list.html?cat=9847,9852
list.jd.com/list.html?cat=9847,9853
list.jd.com/list.html?cat=9847,9854
list.jd.com/list.html?cat=6994,13968
list.jd.com/list.html?cat=6994,6997
list.jd.com/list.html?cat=6994,6999
list.jd.com/list.html?cat=6994,7001
list.jd.com/list.html?cat=6994,13963
list.jd.com/list.html?cat=12218,12221
list.jd.com/list.html?cat=12218,12222
list.jd.com/list.html?cat=12473,12565
list.jd.com/list.html?cat=12473,12566
list.jd.com/list.html?cat=12473,12479
list.jd.com/list.html?cat=12473,12479
list.jd.com/list.html?cat=12473,12479
list.jd.com/list.html?cat=12473,12479
list.jd.com/list.html?cat=12473,12479
list.jd.com/list.html?cat=13314,13326
list.jd.com/list.html?cat=9192%2C9197
list.jd.com/list.html?cat=13887,13889
list.jd.com/list.html?cat=13887,13922
list.jd.com/list.html?cat=13887,13931
list.jd.com/list.html?cat=13887,13946
list.jd.com/list.html?cat=13887,13950
list.jd.com/list.html?cat=13887,13958
list.jd.com/list.html?cat=1713,13627
list.jd.com/list.html?cat=1713,13634
list.jd.com/list.html?cat=1713,12775
list.jd.com/list.html?cat=1713,13613
list.jd.com/list.html?cat=1713,3286
